<?xml version="1.0" encoding="UTF-8"?>
<testng-results ignored="0" total="1" passed="0" failed="1" skipped="0">
  <reporter-output>
  </reporter-output>
  <suite started-at="2023-05-12T08:34:42Z" name="Suite" finished-at="2023-05-12T08:34:42Z" duration-ms="19">
    <groups>
    </groups>
    <test started-at="2023-05-12T08:34:42Z" name="Test" finished-at="2023-05-12T08:34:42Z" duration-ms="19">
      <class name="assignment5.ReadDataFromExcel">
        <test-method signature="readData()[pri:0, instance:assignment5.ReadDataFromExcel@5a59ca5e]" started-at="2023-05-12T14:04:42Z" name="readData" finished-at="2023-05-12T14:04:42Z" duration-ms="6" status="FAIL">
          <exception class="java.lang.NoClassDefFoundError">
            <message>
              <![CDATA[org/apache/poi/xssf/usermodel/XSSFWorkbook]]>
            </message>
            <full-stacktrace>
              <![CDATA[java.lang.NoClassDefFoundError: org/apache/poi/xssf/usermodel/XSSFWorkbook
	at assignment5.ReadDataFromExcel.readData(ReadDataFromExcel.java:11)
	at java.base/jdk.internal.reflect.NativeMethodAccessorImpl.invoke0(Native Method)
	at java.base/jdk.internal.reflect.NativeMethodAccessorImpl.invoke(NativeMethodAccessorImpl.java:62)
	at java.base/jdk.internal.reflect.DelegatingMethodAccessorImpl.invoke(DelegatingMethodAccessorImpl.java:43)
	at java.base/java.lang.reflect.Method.invoke(Method.java:566)
	at org.testng.internal.MethodInvocationHelper.invokeMethod(MethodInvocationHelper.java:104)
	at org.testng.internal.Invoker.invokeMethod(Invoker.java:645)
	at org.testng.internal.Invoker.invokeTestMethod(Invoker.java:851)
	at org.testng.internal.Invoker.invokeTestMethods(Invoker.java:1177)
	at org.testng.internal.TestMethodWorker.invokeTestMethods(TestMethodWorker.java:129)
	at org.testng.internal.TestMethodWorker.run(TestMethodWorker.java:112)
	at org.testng.TestRunner.privateRun(TestRunner.java:756)
	at org.testng.TestRunner.run(TestRunner.java:610)
	at org.testng.SuiteRunner.runTest(SuiteRunner.java:387)
	at org.testng.SuiteRunner.runSequentially(SuiteRunner.java:382)
	at org.testng.SuiteRunner.privateRun(SuiteRunner.java:340)
	at org.testng.SuiteRunner.run(SuiteRunner.java:289)
	at org.testng.SuiteRunnerWorker.runSuite(SuiteRunnerWorker.java:52)
	at org.testng.SuiteRunnerWorker.run(SuiteRunnerWorker.java:86)
	at org.testng.TestNG.runSuitesSequentially(TestNG.java:1293)
	at org.testng.TestNG.runSuitesLocally(TestNG.java:1218)
	at org.testng.TestNG.runSuites(TestNG.java:1133)
	at org.testng.TestNG.run(TestNG.java:1104)
	at org.testng.TestNG.privateMain(TestNG.java:1434)
	at org.testng.TestNG.main(TestNG.java:1403)
Caused by: java.lang.ClassNotFoundException: org.apache.poi.xssf.usermodel.XSSFWorkbook
	at java.base/jdk.internal.loader.BuiltinClassLoader.loadClass(BuiltinClassLoader.java:581)
	at java.base/jdk.internal.loader.ClassLoaders$AppClassLoader.loadClass(ClassLoaders.java:178)
	at java.base/java.lang.ClassLoader.loadClass(ClassLoader.java:521)
	... 25 more
]]>
            </full-stacktrace>
          </exception> <!-- java.lang.NoClassDefFoundError -->
          <reporter-output>
          </reporter-output>
        </test-method> <!-- readData -->
      </class> <!-- assignment5.ReadDataFromExcel -->
    </test> <!-- Test -->
  </suite> <!-- Suite -->
</testng-results>
