<?xml version="1.0" encoding="UTF-8"?>
<!-- Generated by org.testng.reporters.JUnitXMLReporter -->
<testsuite ignored="0" hostname="APL-PF305N7M" failures="1" tests="1" name="Test" time="0.019" errors="0" timestamp="12 May 2023 08:34:42 GMT">
  <testcase classname="assignment5.ReadDataFromExcel" name="readData" time="0.006">
    <failure type="java.lang.NoClassDefFoundError" message="org/apache/poi/xssf/usermodel/XSSFWorkbook">
      <![CDATA[java.lang.NoClassDefFoundError: org/apache/poi/xssf/usermodel/XSSFWorkbook
	at assignment5.ReadDataFromExcel.readData(ReadDataFromExcel.java:11)
Caused by: java.lang.ClassNotFoundException: org.apache.poi.xssf.usermodel.XSSFWorkbook
	at java.base/jdk.internal.loader.BuiltinClassLoader.loadClass(BuiltinClassLoader.java:581)
	at java.base/jdk.internal.loader.ClassLoaders$AppClassLoader.loadClass(ClassLoaders.java:178)
	at java.base/java.lang.ClassLoader.loadClass(ClassLoader.java:521)
	... 25 more
... Removed 24 stack frames]]>
    </failure>
  </testcase> <!-- readData -->
</testsuite> <!-- Test -->
